<?xml version="1.0" encoding="UTF-8"?>
<testsuites>
  <testsuite name="" tests="7" assertions="7" errors="0" warnings="0" failures="0" skipped="0" time="8.720670">
    <testsuite name="Unit" tests="1" assertions="1" errors="0" warnings="0" failures="0" skipped="0" time="0.419847">
      <testsuite name="Tests\Unit\ExampleTest" file="C:\xampp\htdocs\cursos\AceleraDev\projeto_final_3_com_front\tests\Unit\ExampleTest.php" tests="1" assertions="1" errors="0" warnings="0" failures="0" skipped="0" time="0.419847">
        <testcase name="testBasicTest" class="Tests\Unit\ExampleTest" classname="Tests.Unit.ExampleTest" file="C:\xampp\htdocs\cursos\AceleraDev\projeto_final_3_com_front\tests\Unit\ExampleTest.php" line="15" assertions="1" time="0.419847"/>
      </testsuite>
    </testsuite>
    <testsuite name="Feature" tests="6" assertions="6" errors="0" warnings="0" failures="0" skipped="0" time="8.300823">
      <testsuite name="Tests\Feature\ErrorTest" file="C:\xampp\htdocs\cursos\AceleraDev\projeto_final_3_com_front\tests\Feature\ErrorTest.php" tests="2" assertions="2" errors="0" warnings="0" failures="0" skipped="0" time="3.493883">
        <testcase name="testRequisicaoValida" class="Tests\Feature\ErrorTest" classname="Tests.Feature.ErrorTest" file="C:\xampp\htdocs\cursos\AceleraDev\projeto_final_3_com_front\tests\Feature\ErrorTest.php" line="47" assertions="1" time="1.907543"/>
        <testcase name="testRequisicaoInvalida" class="Tests\Feature\ErrorTest" classname="Tests.Feature.ErrorTest" file="C:\xampp\htdocs\cursos\AceleraDev\projeto_final_3_com_front\tests\Feature\ErrorTest.php" line="63" assertions="1" time="1.586340"/>
      </testsuite>
      <testsuite name="Tests\Feature\ExampleTest" file="C:\xampp\htdocs\cursos\AceleraDev\projeto_final_3_com_front\tests\Feature\ExampleTest.php" tests="1" assertions="1" errors="0" warnings="0" failures="0" skipped="0" time="0.339101">
        <testcase name="testBasicTest" class="Tests\Feature\ExampleTest" classname="Tests.Feature.ExampleTest" file="C:\xampp\htdocs\cursos\AceleraDev\projeto_final_3_com_front\tests\Feature\ExampleTest.php" line="15" assertions="1" time="0.339101"/>
      </testsuite>
      <testsuite name="Tests\Feature\UserTest" file="C:\xampp\htdocs\cursos\AceleraDev\projeto_final_3_com_front\tests\Feature\UserTest.php" tests="3" assertions="3" errors="0" warnings="0" failures="0" skipped="0" time="4.467839">
        <testcase name="testIsUser" class="Tests\Feature\UserTest" classname="Tests.Feature.UserTest" file="C:\xampp\htdocs\cursos\AceleraDev\projeto_final_3_com_front\tests\Feature\UserTest.php" line="30" assertions="1" time="1.369890"/>
        <testcase name="testRequisicaoValida" class="Tests\Feature\UserTest" classname="Tests.Feature.UserTest" file="C:\xampp\htdocs\cursos\AceleraDev\projeto_final_3_com_front\tests\Feature\UserTest.php" line="48" assertions="1" time="1.569085"/>
        <testcase name="testRequisicaoInvalida" class="Tests\Feature\UserTest" classname="Tests.Feature.UserTest" file="C:\xampp\htdocs\cursos\AceleraDev\projeto_final_3_com_front\tests\Feature\UserTest.php" line="61" assertions="1" time="1.528864"/>
      </testsuite>
    </testsuite>
  </testsuite>
</testsuites>
